#
# A fatal error has been detected by the Java Runtime Environment:
#
#  Internal Error (javaCalls.cpp:51), pid=142288, tid=0x00000000000088e8
#  guarantee(thread->is_Java_thread()) failed: crucial check - the VM thread cannot and must not escape to Java code
#
# JRE version: Java(TM) SE Runtime Environment (8.0_221-b11) (build 1.8.0_221-b11)
# Java VM: Java HotSpot(TM) 64-Bit Server VM (25.221-b11 mixed mode windows-amd64 compressed oops)
# Failed to write core dump. Minidumps are not enabled by default on client versions of Windows
#
# If you would like to submit a bug report, please visit:
#   http://bugreport.java.com/bugreport/crash.jsp
#

---------------  T H R E A D  ---------------

Current thread (0x0000000002abc000):  GCTaskThread [stack: 0x0000000013390000,0x0000000013490000] [id=35048]

Stack: [0x0000000013390000,0x0000000013490000]
[error occurred during error reporting (printing stack bounds), id 0xc0000005]

Native frames: (J=compiled Java code, j=interpreted, Vv=VM code, C=native code)

JavaThread 0x0000000002a99000 (nid = 35180) was being processed
Java frames: (J=compiled Java code, j=interpreted, Vv=VM code)
J 813  java.lang.ClassLoader.defineClass1(Ljava/lang/String;[BIILjava/security/ProtectionDomain;Ljava/lang/String;)Ljava/lang/Class; (0 bytes) @ 0x0000000002dddc9f [0x0000000002dddc00+0x9f]
J 757 C1 java.lang.ClassLoader.defineClass(Ljava/lang/String;[BIILjava/security/ProtectionDomain;)Ljava/lang/Class; (43 bytes) @ 0x0000000002dc28ac [0x0000000002dc27a0+0x10c]
J 759 C1 java.net.URLClassLoader.defineClass(Ljava/lang/String;Lsun/misc/Resource;)Ljava/lang/Class; (142 bytes) @ 0x0000000002dc4a64 [0x0000000002dc4080+0x9e4]
J 702 C1 java.net.URLClassLoader$1.run()Ljava/lang/Class; (63 bytes) @ 0x0000000002dacdcc [0x0000000002dacd00+0xcc]
J 701 C1 java.net.URLClassLoader$1.run()Ljava/lang/Object; (5 bytes) @ 0x0000000002dac9d4 [0x0000000002dac9a0+0x34]
v  ~StubRoutines::call_stub
J 528  java.security.AccessController.doPrivileged(Ljava/security/PrivilegedExceptionAction;Ljava/security/AccessControlContext;)Ljava/lang/Object; (0 bytes) @ 0x0000000002d557e6 [0x0000000002d55780+0x66]
J 662 C1 java.net.URLClassLoader.findClass(Ljava/lang/String;)Ljava/lang/Class; (47 bytes) @ 0x0000000002d9d004 [0x0000000002d9cf40+0xc4]
J 559 C1 java.lang.ClassLoader.loadClass(Ljava/lang/String;Z)Ljava/lang/Class; (122 bytes) @ 0x0000000002d671f4 [0x0000000002d66ee0+0x314]
J 615 C1 sun.misc.Launcher$AppClassLoader.loadClass(Ljava/lang/String;Z)Ljava/lang/Class; (85 bytes) @ 0x0000000002d80ad4 [0x0000000002d807e0+0x2f4]
J 611 C1 java.lang.ClassLoader.loadClass(Ljava/lang/String;)Ljava/lang/Class; (7 bytes) @ 0x0000000002d7f264 [0x0000000002d7f220+0x44]
v  ~StubRoutines::call_stub
j  org.hibernate.cfg.ClassPropertyHolder.addProperty(Lorg/hibernate/mapping/Property;Lorg/hibernate/annotations/common/reflection/XClass;)V+4
j  org.hibernate.cfg.ClassPropertyHolder.addProperty(Lorg/hibernate/mapping/Property;[Lorg/hibernate/cfg/Ejb3Column;Lorg/hibernate/annotations/common/reflection/XClass;)V+35
j  org.hibernate.cfg.annotations.PropertyBinder.bind(Lorg/hibernate/mapping/Property;)Lorg/hibernate/mapping/Property;+182
j  org.hibernate.cfg.annotations.PropertyBinder.makePropertyValueAndBind()Lorg/hibernate/mapping/Property;+5
j  org.hibernate.cfg.AnnotationBinder.processElementAnnotations(Lorg/hibernate/cfg/PropertyHolder;Lorg/hibernate/cfg/annotations/Nullability;Lorg/hibernate/cfg/PropertyData;Ljava/util/HashMap;Lorg/hibernate/cfg/annotations/EntityBinder;ZZZLorg/hibernate/boot/spi/MetadataBuildingContext;Ljava/util/Map;)V+4060
j  org.hibernate.cfg.AnnotationBinder.processIdPropertiesIfNotAlready(Ljava/util/Map;Lorg/hibernate/boot/spi/MetadataBuildingContext;Lorg/hibernate/mapping/PersistentClass;Lorg/hibernate/cfg/annotations/EntityBinder;Lorg/hibernate/cfg/PropertyHolder;Ljava/util/HashMap;Lorg/hibernate/cfg/InheritanceState$ElementsToProcess;ZLjava/util/Set;)V+92
j  org.hibernate.cfg.AnnotationBinder.bindClass(Lorg/hibernate/annotations/common/reflection/XClass;Ljava/util/Map;Lorg/hibernate/boot/spi/MetadataBuildingContext;)V+1346
j  org.hibernate.boot.model.source.internal.annotations.AnnotationMetadataSourceProcessorImpl.processEntityHierarchies(Ljava/util/Set;)V+84
j  org.hibernate.boot.model.process.spi.MetadataBuildingProcess$1.processEntityHierarchies(Ljava/util/Set;)V+63
j  org.hibernate.boot.model.process.spi.MetadataBuildingProcess.complete(Lorg/hibernate/boot/model/process/spi/ManagedResources;Lorg/hibernate/boot/spi/BootstrapContext;Lorg/hibernate/boot/spi/MetadataBuildingOptions;)Lorg/hibernate/boot/spi/MetadataImplementor;+199
j  org.hibernate.jpa.boot.internal.EntityManagerFactoryBuilderImpl.metadata()Lorg/hibernate/boot/spi/MetadataImplementor;+30
j  org.hibernate.jpa.boot.internal.EntityManagerFactoryBuilderImpl.build()Ljavax/persistence/EntityManagerFactory;+1
j  org.springframework.orm.jpa.vendor.SpringHibernateJpaPersistenceProvider.createContainerEntityManagerFactory(Ljavax/persistence/spi/PersistenceUnitInfo;Ljava/util/Map;)Ljavax/persistence/EntityManagerFactory;+55
j  org.springframework.orm.jpa.LocalContainerEntityManagerFactoryBean.createNativeEntityManagerFactory()Ljavax/persistence/EntityManagerFactory;+129
j  org.springframework.orm.jpa.AbstractEntityManagerFactoryBean.buildNativeEntityManagerFactory()Ljavax/persistence/EntityManagerFactory;+1
j  org.springframework.orm.jpa.AbstractEntityManagerFactoryBean.afterPropertiesSet()V+192
j  org.springframework.orm.jpa.LocalContainerEntityManagerFactoryBean.afterPropertiesSet()V+77
j  org.springframework.beans.factory.support.AbstractAutowireCapableBeanFactory.invokeInitMethods(Ljava/lang/String;Ljava/lang/Object;Lorg/springframework/beans/factory/support/RootBeanDefinition;)V+106
j  org.springframework.beans.factory.support.AbstractAutowireCapableBeanFactory.initializeBean(Ljava/lang/String;Ljava/lang/Object;Lorg/springframework/beans/factory/support/RootBeanDefinition;)Ljava/lang/Object;+59
j  org.springframework.beans.factory.support.AbstractAutowireCapableBeanFactory.doCreateBean(Ljava/lang/String;Lorg/springframework/beans/factory/support/RootBeanDefinition;[Ljava/lang/Object;)Ljava/lang/Object;+245
j  org.springframework.beans.factory.support.AbstractAutowireCapableBeanFactory.createBean(Ljava/lang/String;Lorg/springframework/beans/factory/support/RootBeanDefinition;[Ljava/lang/Object;)Ljava/lang/Object;+169
j  org.springframework.beans.factory.support.AbstractBeanFactory.lambda$doGetBean$0(Ljava/lang/String;Lorg/springframework/beans/factory/support/RootBeanDefinition;[Ljava/lang/Object;)Ljava/lang/Object;+4
j  org.springframework.beans.factory.support.AbstractBeanFactory$$Lambda$179.getObject()Ljava/lang/Object;+16
j  org.springframework.beans.factory.support.DefaultSingletonBeanRegistry.getSingleton(Ljava/lang/String;Lorg/springframework/beans/factory/ObjectFactory;)Ljava/lang/Object;+132
J 2403 C1 org.springframework.beans.factory.support.AbstractBeanFactory.doGetBean(Ljava/lang/String;Ljava/lang/Class;[Ljava/lang/Object;Z)Ljava/lang/Object; (952 bytes) @ 0x0000000003067614 [0x0000000003066fc0+0x654]
j  org.springframework.beans.factory.support.AbstractBeanFactory.getBean(Ljava/lang/String;)Ljava/lang/Object;+5
j  org.springframework.context.support.AbstractApplicationContext.getBean(Ljava/lang/String;)Ljava/lang/Object;+9
j  org.springframework.context.support.AbstractApplicationContext.finishBeanFactoryInitialization(Lorg/springframework/beans/factory/config/ConfigurableListableBeanFactory;)V+100
j  org.springframework.context.support.AbstractApplicationContext.refresh()V+86
j  org.springframework.boot.web.servlet.context.ServletWebServerApplicationContext.refresh()V+1
j  org.springframework.boot.SpringApplication.refresh(Lorg/springframework/context/ConfigurableApplicationContext;)V+1
j  org.springframework.boot.SpringApplication.refresh(Lorg/springframework/context/ApplicationContext;)V+12
j  org.springframework.boot.SpringApplication.refreshContext(Lorg/springframework/context/ConfigurableApplicationContext;)V+19
j  org.springframework.boot.SpringApplication.run([Ljava/lang/String;)Lorg/springframework/context/ConfigurableApplicationContext;+111
j  org.springframework.boot.SpringApplication.run([Ljava/lang/Class;[Ljava/lang/String;)Lorg/springframework/context/ConfigurableApplicationContext;+9
j  org.springframework.boot.SpringApplication.run(Ljava/lang/Class;[Ljava/lang/String;)Lorg/springframework/context/ConfigurableApplicationContext;+9
j  com.example.posts.DepartmentServiceApplication.main([Ljava/lang/String;)V+3
v  ~StubRoutines::call_stub

---------------  P R O C E S S  ---------------

Java Threads: ( => current thread )
  0x0000000023586800 JavaThread "HikariPool-1 connection adder" daemon [_thread_blocked, id=107896, stack(0x0000000024a50000,0x0000000024b50000)]
  0x00000000234d5800 JavaThread "HikariPool-1 housekeeper" daemon [_thread_blocked, id=124820, stack(0x0000000024750000,0x0000000024850000)]
  0x00000000213f6800 JavaThread "mysql-cj-abandoned-connection-cleanup" daemon [_thread_blocked, id=87536, stack(0x0000000022f80000,0x0000000023080000)]
  0x00000000213f5800 JavaThread "container-0" [_thread_blocked, id=115548, stack(0x0000000022d80000,0x0000000022e80000)]
  0x00000000213f5000 JavaThread "Catalina-utility-2" [_thread_blocked, id=121336, stack(0x0000000022c80000,0x0000000022d80000)]
  0x00000000213f2000 JavaThread "Catalina-utility-1" [_thread_blocked, id=142244, stack(0x0000000021980000,0x0000000021a80000)]
  0x00000000206d4000 JavaThread "spring.cloud.inetutils" daemon [_thread_in_native, id=135084, stack(0x0000000021680000,0x0000000021780000)]
  0x000000001f931000 JavaThread "RMI TCP Accept-0" daemon [_thread_in_native, id=128596, stack(0x000000001ff70000,0x0000000020070000)]
  0x000000001f921800 JavaThread "RMI TCP Accept-50999" daemon [_thread_in_native, id=133548, stack(0x000000001fe70000,0x000000001ff70000)]
  0x000000001f916000 JavaThread "RMI TCP Accept-0" daemon [_thread_in_native, id=96172, stack(0x000000001fd70000,0x000000001fe70000)]
  0x000000001e4fd000 JavaThread "Service Thread" daemon [_thread_blocked, id=65596, stack(0x000000001f030000,0x000000001f130000)]
  0x000000001e46f800 JavaThread "C1 CompilerThread3" daemon [_thread_blocked, id=117768, stack(0x000000001ef30000,0x000000001f030000)]
  0x000000001e472800 JavaThread "C2 CompilerThread2" daemon [_thread_blocked, id=85680, stack(0x000000001ee30000,0x000000001ef30000)]
  0x000000001e469000 JavaThread "C2 CompilerThread1" daemon [_thread_blocked, id=96408, stack(0x000000001ed30000,0x000000001ee30000)]
  0x000000001e465000 JavaThread "C2 CompilerThread0" daemon [_thread_blocked, id=136688, stack(0x000000001ec30000,0x000000001ed30000)]
  0x000000001e462800 JavaThread "Attach Listener" daemon [_thread_blocked, id=120844, stack(0x000000001eb30000,0x000000001ec30000)]
  0x000000001e461800 JavaThread "Signal Dispatcher" daemon [_thread_blocked, id=85604, stack(0x000000001ea30000,0x000000001eb30000)]
  0x000000001e450800 JavaThread "Finalizer" daemon [_thread_blocked, id=40688, stack(0x000000001e830000,0x000000001e930000)]
  0x0000000002b8e000 JavaThread "Reference Handler" daemon [_thread_blocked, id=83028, stack(0x000000001e330000,0x000000001e430000)]
  0x0000000002a99000 JavaThread "main" [_thread_blocked, id=35180, stack(0x0000000002970000,0x0000000002a70000)]

Other Threads:
  0x000000001c558800 VMThread [stack: 0x000000001e230000,0x000000001e330000] [id=136676]
  0x000000001f932000 WatcherThread [stack: 0x0000000020070000,0x0000000020170000] [id=104384]

=>0x0000000002abc000 (exited) GCTaskThread [stack: 0x0000000013390000,0x0000000013490000] [id=35048]

VM state:at safepoint (normal execution)

VM Mutex/Monitor currently owned by a thread:  ([mutex/lock_event])
[0x0000000002a95480] Threads_lock - owner thread: 0x000000001c558800
[0x0000000002a96000] Heap_lock - owner thread: 0x0000000002a99000

heap address: 0x00000006c2200000, size: 4062 MB, Compressed Oops mode: Zero based, Oop shift amount: 3
Narrow klass base: 0x0000000000000000, Narrow klass shift: 3
Compressed class space size: 1073741824 Address: 0x00000007c0000000

Heap:
 PSYoungGen      total 258048K, used 70015K [0x000000076b600000, 0x000000077c100000, 0x00000007c0000000)
  eden space 242688K, 28% used [0x000000076b600000,0x000000076fa5fc30,0x000000077a300000)
  from space 15360K, 0% used [0x000000077a300000,0x000000077a300000,0x000000077b200000)
  to   space 13312K, 30% used [0x000000077b300000,0x000000077b6fe288,0x000000077c000000)
 ParOldGen       total 112128K, used 14962K [0x00000006c2200000, 0x00000006c8f80000, 0x000000076b600000)
  object space 112128K, 13% used [0x00000006c2200000,0x00000006c309ca30,0x00000006c8f80000)
 Metaspace       used 41701K, capacity 44126K, committed 44376K, reserved 1091584K
  class space    used 5917K, capacity 6362K, committed 6488K, reserved 1048576K

Card table byte_map: [0x0000000011f50000,0x0000000012740000] byte_map_base: 0x000000000e93f000

Marking Bits: (ParMarkBitMap*) 0x000000006c4a5ce0
 Begin Bits: [0x0000000013490000, 0x0000000017408000)
 End Bits:   [0x0000000017408000, 0x000000001b380000)

Polling page: 0x00000000027d0000

CodeCache: size=245760Kb used=6805Kb max_used=6805Kb free=238954Kb
 bounds [0x0000000002b90000, 0x0000000003240000, 0x0000000011b90000]
 total_blobs=3825 nmethods=3328 adapters=409
 compilation: enabled

Compilation events (10 events):
Event: 4.768 Thread 0x000000001e46f800 3324       1       java.util.ArrayList$SubList$1::checkForComodification (26 bytes)
Event: 4.768 Thread 0x000000001e46f800 nmethod 3324 0x0000000003232750 code [0x00000000032328c0, 0x0000000003232a48]
Event: 4.781 Thread 0x000000001e46f800 3325       1       org.jboss.logging.Logger::join (112 bytes)
Event: 4.782 Thread 0x000000001e46f800 nmethod 3325 0x0000000003233250 code [0x00000000032334a0, 0x0000000003234078]
Event: 4.794 Thread 0x000000001e46f800 3326       1       org.apache.logging.log4j.message.AbstractMessageFactory::<init> (5 bytes)
Event: 4.794 Thread 0x000000001e46f800 nmethod 3326 0x0000000003234d90 code [0x0000000003234ee0, 0x0000000003234ff0]
Event: 4.794 Thread 0x000000001e46f800 3327       1       org.apache.logging.log4j.spi.AbstractLogger::narrow (21 bytes)
Event: 4.794 Thread 0x000000001e46f800 nmethod 3327 0x0000000003235050 code [0x00000000032351c0, 0x00000000032353c8]
Event: 4.800 Thread 0x000000001e46f800 3328       1       sun.util.locale.BaseLocale::getVariant (5 bytes)
Event: 4.800 Thread 0x000000001e46f800 nmethod 3328 0x0000000003235490 code [0x00000000032355e0, 0x00000000032356f0]

GC Heap History (10 events):
Event: 2.603 GC heap after
Heap after GC invocations=5 (full 1):
 PSYoungGen      total 140800K, used 0K [0x000000076b600000, 0x0000000774a00000, 0x00000007c0000000)
  eden space 130048K, 0% used [0x000000076b600000,0x000000076b600000,0x0000000773500000)
  from space 10752K, 0% used [0x0000000773f80000,0x0000000773f80000,0x0000000774a00000)
  to   space 10752K, 0% used [0x0000000773500000,0x0000000773500000,0x0000000773f80000)
 ParOldGen       total 78336K, used 6715K [0x00000006c2200000, 0x00000006c6e80000, 0x000000076b600000)
  object space 78336K, 8% used [0x00000006c2200000,0x00000006c288eed8,0x00000006c6e80000)
 Metaspace       used 20301K, capacity 21156K, committed 21248K, reserved 1067008K
  class space    used 2786K, capacity 3019K, committed 3072K, reserved 1048576K
}
Event: 3.271 GC heap before
{Heap before GC invocations=6 (full 1):
 PSYoungGen      total 140800K, used 130048K [0x000000076b600000, 0x0000000774a00000, 0x00000007c0000000)
  eden space 130048K, 100% used [0x000000076b600000,0x0000000773500000,0x0000000773500000)
  from space 10752K, 0% used [0x0000000773f80000,0x0000000773f80000,0x0000000774a00000)
  to   space 10752K, 0% used [0x0000000773500000,0x0000000773500000,0x0000000773f80000)
 ParOldGen       total 78336K, used 6715K [0x00000006c2200000, 0x00000006c6e80000, 0x000000076b600000)
  object space 78336K, 8% used [0x00000006c2200000,0x00000006c288eed8,0x00000006c6e80000)
 Metaspace       used 26066K, capacity 27428K, committed 27648K, reserved 1073152K
  class space    used 3658K, capacity 3969K, committed 4096K, reserved 1048576K
Event: 3.278 GC heap after
Heap after GC invocations=6 (full 1):
 PSYoungGen      total 140800K, used 10746K [0x000000076b600000, 0x000000077c000000, 0x00000007c0000000)
  eden space 130048K, 0% used [0x000000076b600000,0x000000076b600000,0x0000000773500000)
  from space 10752K, 99% used [0x0000000773500000,0x0000000773f7ea18,0x0000000773f80000)
  to   space 13312K, 0% used [0x000000077b300000,0x000000077b300000,0x000000077c000000)
 ParOldGen       total 78336K, used 8276K [0x00000006c2200000, 0x00000006c6e80000, 0x000000076b600000)
  object space 78336K, 10% used [0x00000006c2200000,0x00000006c2a15000,0x00000006c6e80000)
 Metaspace       used 26066K, capacity 27428K, committed 27648K, reserved 1073152K
  class space    used 3658K, capacity 3969K, committed 4096K, reserved 1048576K
}
Event: 3.862 GC heap before
{Heap before GC invocations=7 (full 1):
 PSYoungGen      total 140800K, used 140794K [0x000000076b600000, 0x000000077c000000, 0x00000007c0000000)
  eden space 130048K, 100% used [0x000000076b600000,0x0000000773500000,0x0000000773500000)
  from space 10752K, 99% used [0x0000000773500000,0x0000000773f7ea18,0x0000000773f80000)
  to   space 13312K, 0% used [0x000000077b300000,0x000000077b300000,0x000000077c000000)
 ParOldGen       total 78336K, used 8276K [0x00000006c2200000, 0x00000006c6e80000, 0x000000076b600000)
  object space 78336K, 10% used [0x00000006c2200000,0x00000006c2a15000,0x00000006c6e80000)
 Metaspace       used 31887K, capacity 33986K, committed 34176K, reserved 1079296K
  class space    used 4499K, capacity 4908K, committed 4992K, reserved 1048576K
Event: 3.870 GC heap after
Heap after GC invocations=7 (full 1):
 PSYoungGen      total 256000K, used 13305K [0x000000076b600000, 0x000000077c100000, 0x00000007c0000000)
  eden space 242688K, 0% used [0x000000076b600000,0x000000076b600000,0x000000077a300000)
  from space 13312K, 99% used [0x000000077b300000,0x000000077bffe640,0x000000077c000000)
  to   space 15360K, 0% used [0x000000077a300000,0x000000077a300000,0x000000077b200000)
 ParOldGen       total 78336K, used 8578K [0x00000006c2200000, 0x00000006c6e80000, 0x000000076b600000)
  object space 78336K, 10% used [0x00000006c2200000,0x00000006c2a60a58,0x00000006c6e80000)
 Metaspace       used 31887K, capacity 33986K, committed 34176K, reserved 1079296K
  class space    used 4499K, capacity 4908K, committed 4992K, reserved 1048576K
}
Event: 3.988 GC heap before
{Heap before GC invocations=8 (full 1):
 PSYoungGen      total 256000K, used 37893K [0x000000076b600000, 0x000000077c100000, 0x00000007c0000000)
  eden space 242688K, 10% used [0x000000076b600000,0x000000076ce02f98,0x000000077a300000)
  from space 13312K, 99% used [0x000000077b300000,0x000000077bffe640,0x000000077c000000)
  to   space 15360K, 0% used [0x000000077a300000,0x000000077a300000,0x000000077b200000)
 ParOldGen       total 78336K, used 8578K [0x00000006c2200000, 0x00000006c6e80000, 0x000000076b600000)
  object space 78336K, 10% used [0x00000006c2200000,0x00000006c2a60a58,0x00000006c6e80000)
 Metaspace       used 33120K, capacity 35328K, committed 35416K, reserved 1079296K
  class space    used 4700K, capacity 5123K, committed 5208K, reserved 1048576K
Event: 3.994 GC heap after
Heap after GC invocations=8 (full 1):
 PSYoungGen      total 258048K, used 10242K [0x000000076b600000, 0x000000077c100000, 0x00000007c0000000)
  eden space 242688K, 0% used [0x000000076b600000,0x000000076b600000,0x000000077a300000)
  from space 15360K, 66% used [0x000000077a300000,0x000000077ad00b98,0x000000077b200000)
  to   space 13312K, 0% used [0x000000077b300000,0x000000077b300000,0x000000077c000000)
 ParOldGen       total 78336K, used 8586K [0x00000006c2200000, 0x00000006c6e80000, 0x000000076b600000)
  object space 78336K, 10% used [0x00000006c2200000,0x00000006c2a62a58,0x00000006c6e80000)
 Metaspace       used 33120K, capacity 35328K, committed 35416K, reserved 1079296K
  class space    used 4700K, capacity 5123K, committed 5208K, reserved 1048576K
}
Event: 3.994 GC heap before
{Heap before GC invocations=9 (full 2):
 PSYoungGen      total 258048K, used 10242K [0x000000076b600000, 0x000000077c100000, 0x00000007c0000000)
  eden space 242688K, 0% used [0x000000076b600000,0x000000076b600000,0x000000077a300000)
  from space 15360K, 66% used [0x000000077a300000,0x000000077ad00b98,0x000000077b200000)
  to   space 13312K, 0% used [0x000000077b300000,0x000000077b300000,0x000000077c000000)
 ParOldGen       total 78336K, used 8586K [0x00000006c2200000, 0x00000006c6e80000, 0x000000076b600000)
  object space 78336K, 10% used [0x00000006c2200000,0x00000006c2a62a58,0x00000006c6e80000)
 Metaspace       used 33120K, capacity 35328K, committed 35416K, reserved 1079296K
  class space    used 4700K, capacity 5123K, committed 5208K, reserved 1048576K
Event: 4.056 GC heap after
Heap after GC invocations=9 (full 2):
 PSYoungGen      total 258048K, used 0K [0x000000076b600000, 0x000000077c100000, 0x00000007c0000000)
  eden space 242688K, 0% used [0x000000076b600000,0x000000076b600000,0x000000077a300000)
  from space 15360K, 0% used [0x000000077a300000,0x000000077a300000,0x000000077b200000)
  to   space 13312K, 0% used [0x000000077b300000,0x000000077b300000,0x000000077c000000)
 ParOldGen       total 112128K, used 14954K [0x00000006c2200000, 0x00000006c8f80000, 0x000000076b600000)
  object space 112128K, 13% used [0x00000006c2200000,0x00000006c309aa30,0x00000006c8f80000)
 Metaspace       used 33120K, capacity 35328K, committed 35416K, reserved 1079296K
  class space    used 4700K, capacity 5123K, committed 5208K, reserved 1048576K
}
Event: 4.814 GC heap before
{Heap before GC invocations=10 (full 2):
 PSYoungGen      total 258048K, used 70014K [0x000000076b600000, 0x000000077c100000, 0x00000007c0000000)
  eden space 242688K, 28% used [0x000000076b600000,0x000000076fa5fb38,0x000000077a300000)
  from space 15360K, 0% used [0x000000077a300000,0x000000077a300000,0x000000077b200000)
  to   space 13312K, 0% used [0x000000077b300000,0x000000077b300000,0x000000077c000000)
 ParOldGen       total 112128K, used 14954K [0x00000006c2200000, 0x00000006c8f80000, 0x000000076b600000)
  object space 112128K, 13% used [0x00000006c2200000,0x00000006c309aa30,0x00000006c8f80000)
 Metaspace       used 41701K, capacity 44126K, committed 44376K, reserved 1091584K
  class space    used 5917K, capacity 6362K, committed 6488K, reserved 1048576K

Deoptimization events (0 events):
No events

Classes redefined (0 events):
No events

Internal exceptions (10 events):
Event: 3.919 Thread 0x0000000002a99000 Exception <a 'java/lang/ArrayIndexOutOfBoundsException'> (0x000000076c193288) thrown at [C:\re\workspace\8-2-build-windows-amd64-cygwin\jdk8u221\13320\hotspot\src\share\vm\runtime\sharedRuntime.cpp, line 605]
Event: 3.926 Thread 0x0000000002a99000 Exception <a 'java/lang/ArrayIndexOutOfBoundsException'> (0x000000076c230748) thrown at [C:\re\workspace\8-2-build-windows-amd64-cygwin\jdk8u221\13320\hotspot\src\share\vm\runtime\sharedRuntime.cpp, line 605]
Event: 3.927 Thread 0x0000000002a99000 Exception <a 'java/lang/ArrayIndexOutOfBoundsException'> (0x000000076c2741e8) thrown at [C:\re\workspace\8-2-build-windows-amd64-cygwin\jdk8u221\13320\hotspot\src\share\vm\runtime\sharedRuntime.cpp, line 605]
Event: 3.927 Thread 0x0000000002a99000 Exception <a 'java/lang/ArrayIndexOutOfBoundsException'> (0x000000076c29b9a8) thrown at [C:\re\workspace\8-2-build-windows-amd64-cygwin\jdk8u221\13320\hotspot\src\share\vm\runtime\sharedRuntime.cpp, line 605]
Event: 3.936 Thread 0x0000000002a99000 Exception <a 'java/lang/NoSuchMethodError': java.lang.Object.lambda$static$0(Ljava/lang/Object;)Ljava/lang/Object;> (0x000000076c55bc48) thrown at [C:\re\workspace\8-2-build-windows-amd64-cygwin\jdk8u221\13320\hotspot\src\share\vm\interpreter\linkResolver
Event: 3.954 Thread 0x0000000002a99000 Exception <a 'java/lang/ArrayIndexOutOfBoundsException'> (0x000000076ca2ef70) thrown at [C:\re\workspace\8-2-build-windows-amd64-cygwin\jdk8u221\13320\hotspot\src\share\vm\runtime\sharedRuntime.cpp, line 605]
Event: 3.956 Thread 0x0000000002a99000 Exception <a 'java/lang/ArrayIndexOutOfBoundsException'> (0x000000076ca6f860) thrown at [C:\re\workspace\8-2-build-windows-amd64-cygwin\jdk8u221\13320\hotspot\src\share\vm\runtime\sharedRuntime.cpp, line 605]
Event: 3.956 Thread 0x0000000002a99000 Exception <a 'java/lang/ArrayIndexOutOfBoundsException'> (0x000000076ca841e0) thrown at [C:\re\workspace\8-2-build-windows-amd64-cygwin\jdk8u221\13320\hotspot\src\share\vm\runtime\sharedRuntime.cpp, line 605]
Event: 3.960 Thread 0x0000000002a99000 Exception <a 'java/lang/ArrayIndexOutOfBoundsException'> (0x000000076caf2e40) thrown at [C:\re\workspace\8-2-build-windows-amd64-cygwin\jdk8u221\13320\hotspot\src\share\vm\runtime\sharedRuntime.cpp, line 605]
Event: 3.960 Thread 0x0000000002a99000 Exception <a 'java/lang/ArrayIndexOutOfBoundsException'> (0x000000076caf4808) thrown at [C:\re\workspace\8-2-build-windows-amd64-cygwin\jdk8u221\13320\hotspot\src\share\vm\runtime\sharedRuntime.cpp, line 605]

Events (10 events):
Event: 4.812 loading class org/hibernate/cfg/AnnotationBinder$1 done
Event: 4.812 loading class org/hibernate/boot/model/IdGeneratorStrategyInterpreter$GeneratorNameDeterminationContext
Event: 4.812 loading class org/hibernate/boot/model/IdGeneratorStrategyInterpreter$GeneratorNameDeterminationContext done
Event: 4.812 loading class org/hibernate/boot/internal/IdGeneratorInterpreterImpl$1
Event: 4.812 loading class org/hibernate/boot/internal/IdGeneratorInterpreterImpl$1 done
Event: 4.813 loading class org/hibernate/annotations/Index
Event: 4.813 loading class org/hibernate/annotations/Index done
Event: 4.813 loading class org/hibernate/mapping/Component
Event: 4.813 loading class org/hibernate/mapping/Component done
Event: 4.814 Executing VM operation: CollectForMetadataAllocation


Dynamic libraries:
0x00007ff6fa020000 - 0x00007ff6fa057000 	C:\Program Files\Java\jre1.8.0_221\bin\javaw.exe
0x00007ffc59bb0000 - 0x00007ffc59da6000 	C:\WINDOWS\SYSTEM32\ntdll.dll
0x00007ffc57d10000 - 0x00007ffc57dcd000 	C:\WINDOWS\System32\KERNEL32.DLL
0x00007ffc574f0000 - 0x00007ffc577b8000 	C:\WINDOWS\System32\KERNELBASE.dll
0x000000006d160000 - 0x000000006d1f3000 	C:\WINDOWS\System32\SYSFER.DLL
0x000000006c530000 - 0x000000006c859000 	C:\ProgramData\Symantec\Symantec Endpoint Protection\14.2.4814.1101.105\Data\Definitions\IPSDefs\20201231.061\IPSEng64.dll
0x00007ffc57e00000 - 0x00007ffc57eac000 	C:\WINDOWS\System32\ADVAPI32.dll
0x00007ffc57c70000 - 0x00007ffc57d0e000 	C:\WINDOWS\System32\msvcrt.dll
0x00007ffc585d0000 - 0x00007ffc5866b000 	C:\WINDOWS\System32\sechost.dll
0x00007ffc59130000 - 0x00007ffc59254000 	C:\WINDOWS\System32\RPCRT4.dll
0x00007ffc59a90000 - 0x00007ffc59a98000 	C:\WINDOWS\System32\PSAPI.DLL
0x00007ffc59740000 - 0x00007ffc598e0000 	C:\WINDOWS\System32\USER32.dll
0x00007ffc57420000 - 0x00007ffc57442000 	C:\WINDOWS\System32\win32u.dll
0x00007ffc585a0000 - 0x00007ffc585ca000 	C:\WINDOWS\System32\GDI32.dll
0x00007ffc57aa0000 - 0x00007ffc57ba9000 	C:\WINDOWS\System32\gdi32full.dll
0x00007ffc57450000 - 0x00007ffc574ed000 	C:\WINDOWS\System32\msvcp_win.dll
0x00007ffc579a0000 - 0x00007ffc57aa0000 	C:\WINDOWS\System32\ucrtbase.dll
0x00007ffc42570000 - 0x00007ffc4280b000 	C:\WINDOWS\WinSxS\amd64_microsoft.windows.common-controls_6595b64144ccf1df_6.0.19041.488_none_ca04af081b815d21\COMCTL32.dll
0x00007ffc57dd0000 - 0x00007ffc57e00000 	C:\WINDOWS\System32\IMM32.DLL
0x000000006bac0000 - 0x000000006bb92000 	C:\Program Files\Java\jre1.8.0_221\bin\msvcr100.dll
0x000000006bc80000 - 0x000000006c525000 	C:\Program Files\Java\jre1.8.0_221\bin\server\jvm.dll
0x00007ffc3d480000 - 0x00007ffc3d489000 	C:\WINDOWS\SYSTEM32\WSOCK32.dll
0x00007ffc58180000 - 0x00007ffc581eb000 	C:\WINDOWS\System32\WS2_32.dll
0x00007ffc42c00000 - 0x00007ffc42c27000 	C:\WINDOWS\SYSTEM32\WINMM.dll
0x00007ffc42bf0000 - 0x00007ffc42bfa000 	C:\WINDOWS\SYSTEM32\VERSION.dll
0x00007ffc4dbd0000 - 0x00007ffc4dbdf000 	C:\Program Files\Java\jre1.8.0_221\bin\verify.dll
0x00007ffc40c50000 - 0x00007ffc40c79000 	C:\Program Files\Java\jre1.8.0_221\bin\java.dll
0x00007ffc42bd0000 - 0x00007ffc42be6000 	C:\Program Files\Java\jre1.8.0_221\bin\zip.dll
0x00007ffc58670000 - 0x00007ffc58db1000 	C:\WINDOWS\System32\SHELL32.dll
0x00007ffc57fe0000 - 0x00007ffc5808e000 	C:\WINDOWS\System32\shcore.dll
0x00007ffc58dd0000 - 0x00007ffc59125000 	C:\WINDOWS\System32\combase.dll
0x00007ffc54f70000 - 0x00007ffc55705000 	C:\WINDOWS\SYSTEM32\windows.storage.dll
0x00007ffc56d60000 - 0x00007ffc56d8c000 	C:\WINDOWS\SYSTEM32\Wldp.dll
0x00007ffc57c10000 - 0x00007ffc57c65000 	C:\WINDOWS\System32\shlwapi.dll
0x00007ffc57220000 - 0x00007ffc57246000 	C:\WINDOWS\SYSTEM32\profapi.dll
0x00007ffc4cb50000 - 0x00007ffc4cb5d000 	C:\Program Files\Java\jre1.8.0_221\bin\management.dll
0x00007ffc41ab0000 - 0x00007ffc41aca000 	C:\Program Files\Java\jre1.8.0_221\bin\net.dll
0x00007ffc43e80000 - 0x00007ffc4406d000 	C:\WINDOWS\SYSTEM32\urlmon.dll
0x00007ffc441e0000 - 0x00007ffc44490000 	C:\WINDOWS\SYSTEM32\iertutil.dll
0x00007ffc56ae0000 - 0x00007ffc56b4a000 	C:\WINDOWS\system32\mswsock.dll
0x00007ffc40db0000 - 0x00007ffc40dc2000 	C:\Program Files\Java\jre1.8.0_221\bin\nio.dll
0x00007ffc3b990000 - 0x00007ffc3b9a7000 	C:\WINDOWS\system32\napinsp.dll
0x00007ffc391f0000 - 0x00007ffc3920b000 	C:\WINDOWS\system32\pnrpnsp.dll
0x00007ffc4e170000 - 0x00007ffc4e185000 	C:\WINDOWS\system32\wshbth.dll
0x00007ffc50380000 - 0x00007ffc5039d000 	C:\WINDOWS\system32\NLAapi.dll
0x00007ffc56780000 - 0x00007ffc567bb000 	C:\WINDOWS\SYSTEM32\IPHLPAPI.DLL
0x00007ffc567d0000 - 0x00007ffc5689b000 	C:\WINDOWS\SYSTEM32\DNSAPI.dll
0x00007ffc59260000 - 0x00007ffc59268000 	C:\WINDOWS\System32\NSI.dll
0x00007ffc38f80000 - 0x00007ffc38f92000 	C:\WINDOWS\System32\winrnr.dll
0x00007ffc43d20000 - 0x00007ffc43d2a000 	C:\Windows\System32\rasadhlp.dll
0x00007ffc4c580000 - 0x00007ffc4c5ff000 	C:\WINDOWS\System32\fwpuclnt.dll
0x00007ffc573f0000 - 0x00007ffc57417000 	C:\WINDOWS\System32\bcrypt.dll
0x00007ffc56cb0000 - 0x00007ffc56cc8000 	C:\WINDOWS\SYSTEM32\CRYPTSP.dll
0x00007ffc56300000 - 0x00007ffc56334000 	C:\WINDOWS\system32\rsaenh.dll
0x00007ffc571e0000 - 0x00007ffc5720e000 	C:\WINDOWS\SYSTEM32\USERENV.dll
0x00007ffc57920000 - 0x00007ffc5799f000 	C:\WINDOWS\System32\bcryptprimitives.dll
0x00007ffc56cd0000 - 0x00007ffc56cdc000 	C:\WINDOWS\SYSTEM32\CRYPTBASE.dll
0x00007ffc4c040000 - 0x00007ffc4c057000 	C:\WINDOWS\SYSTEM32\dhcpcsvc6.DLL
0x00007ffc4bf50000 - 0x00007ffc4bf6d000 	C:\WINDOWS\SYSTEM32\dhcpcsvc.DLL
0x00007ffc40610000 - 0x00007ffc40634000 	C:\Program Files\Java\jre1.8.0_221\bin\sunec.dll
0x00007ffc4d8c0000 - 0x00007ffc4d8cb000 	C:\Program Files\Java\jre1.8.0_221\bin\sunmscapi.dll
0x00007ffc577c0000 - 0x00007ffc5791d000 	C:\WINDOWS\System32\CRYPT32.dll

VM Arguments:
jvm_args: -Dcom.sun.management.jmxremote -Dcom.sun.management.jmxremote.port=50999 -Dcom.sun.management.jmxremote.authenticate=false -Dcom.sun.management.jmxremote.ssl=false -Djava.rmi.server.hostname=localhost -Dspring.jmx.enabled=true -Dspring.liveBeansView.mbeanDomain -Dspring.application.admin.enabled=true -Xverify:none -XX:TieredStopAtLevel=1 -Dspring.boot.project.name=department-service -Dfile.encoding=UTF-8 
java_command: com.example.posts.DepartmentServiceApplication --spring.output.ansi.enabled=always
java_class_path (initial): D:\eclipse-ee\spring-workspace\department-service\target\classes;C:\Users\darshikasanghi\.m2\repository\org\springframework\boot\spring-boot-starter-data-jpa\2.4.1\spring-boot-starter-data-jpa-2.4.1.jar;C:\Users\darshikasanghi\.m2\repository\org\springframework\boot\spring-boot-starter-aop\2.4.1\spring-boot-starter-aop-2.4.1.jar;C:\Users\darshikasanghi\.m2\repository\org\springframework\spring-aop\5.3.2\spring-aop-5.3.2.jar;C:\Users\darshikasanghi\.m2\repository\org\aspectj\aspectjweaver\1.9.6\aspectjweaver-1.9.6.jar;C:\Users\darshikasanghi\.m2\repository\org\springframework\boot\spring-boot-starter-jdbc\2.4.1\spring-boot-starter-jdbc-2.4.1.jar;C:\Users\darshikasanghi\.m2\repository\com\zaxxer\HikariCP\3.4.5\HikariCP-3.4.5.jar;C:\Users\darshikasanghi\.m2\repository\org\springframework\spring-jdbc\5.3.2\spring-jdbc-5.3.2.jar;C:\Users\darshikasanghi\.m2\repository\jakarta\transaction\jakarta.transaction-api\1.3.3\jakarta.transaction-api-1.3.3.jar;C:\Users\darshikasanghi\.m2\repository\jakarta\persistence\jakarta.persistence-api\2.2.3\jakarta.persistence-api-2.2.3.jar;C:\Users\darshikasanghi\.m2\repository\org\hibernate\hibernate-core\5.4.25.Final\hibernate-core-5.4.25.Final.jar;C:\Users\darshikasanghi\.m2\repository\org\jboss\logging\jboss-logging\3.4.1.Final\jboss-logging-3.4.1.Final.jar;C:\Users\darshikasanghi\.m2\repository\org\javassist\javassist\3.27.0-GA\javassist-3.27.0-GA.jar;C:\Users\darshikasanghi\.m2\repository\net\bytebuddy\byte-buddy\1.10.18\byte-buddy-1.10.18.jar;C:\Users\darshikasanghi\.m2\repository\antlr\antlr\2.7.7\antlr-2.7.7.jar;C:\Users\darshikasanghi\.m2\repository\org\jboss\jandex\2.1.3.Final\jandex-2.1.3.Final.jar;C:\Users\darshikasanghi\.m2\repository\com\fasterxml\classmate\1.5.1\classmate-1.5.1.jar;C:\Users\darshikasanghi\.m2\repository\org\dom4j\dom4j\2.1.3\dom4j-2.1.3.jar;C:\Users\darshikasanghi\.m2\repository\org\hibernate\common\hibernate-commons-annotations\5.1.2.Final\hibernate-commons-annotations-5.1.2.Fin
Launcher Type: SUN_STANDARD

Environment Variables:
JAVA_HOME=C:\Program Files\Java\jdk1.8.0_221
PATH=C:/Program Files/Java/jre1.8.0_221/bin/server;C:/Program Files/Java/jre1.8.0_221/bin;C:/Program Files/Java/jre1.8.0_221/lib/amd64;D:\anaconda;D:\anaconda\Library\mingw-w64\bin;D:\anaconda\Library\usr\bin;D:\anaconda\Library\bin;D:\anaconda\Scripts;C:\Program Files (x86)\Common Files\Oracle\Java\javapath;C:\Program Files (x86)\Intel\Intel(R) Management Engine Components\iCLS\;C:\Program Files\Intel\Intel(R) Management Engine Components\iCLS\;C:\WINDOWS\system32;C:\WINDOWS;C:\WINDOWS\System32\Wbem;C:\WINDOWS\System32\WindowsPowerShell\v1.0\;C:\WINDOWS\System32\OpenSSH\;C:\Program Files (x86)\Intel\Intel(R) Management Engine Components\DAL;C:\Program Files\Intel\Intel(R) Management Engine Components\DAL;C:\Program Files\Intel\WiFi\bin\;C:\Program Files\Common Files\Intel\WirelessCommon\;C:\Program Files\MySQL\MySQL Utilities 1.6\;C:\Program Files\Java\jdk1.8.0_221\bin;D:\wamp64\bin\php\php7.3.5;D:\wamp64\bin\mysql\mysql5.7.26\bin;C:\Program Files\MATLAB\R2019a\bin;C:\hadoop-3.1.2\bin;C:\Program Files\TortoiseSVN\bin;C:\Program Files (x86)\Brackets\command;C:\Program Files (x86)\graphviz-2.38\release\bin\dot.exe;C:\Program Files\Git\cmd;D:\eclipse-ee\gradle-6.7.1\bin;D:\apache-zookeeper-3.6.2-bin\bin;D:\kafka_2.13-2.6.0\bin;D:\;C:\Users\darshikasanghi\AppData\Local\Microsoft\WindowsApps;C:\Users\darshikasanghi\AppData\Local\Programs\Microsoft VS Code\bin;C:\Program Files\Java\jdk1.8.0_221\bin;D:\wamp64\bin\mysql\mysql5.7.26\bin;D:\wamp64\bin\php\php7.3.5;C:\hadoop-3.1.2\bin;C:\Program Files (x86)\graphviz-2.38\release\bin;C:\Users\darshikasanghi\AppData\Local\atom\bin;D:\eclipse-ee\gradle-6.7.1\bin;D:\apache-zookeeper-3.6.2-bin\bin;D:\kafka_2.13-2.6.0\bin;C:\Users\darshikasanghi\AppData\Roaming\npm;C:\Users\darshikasanghi\AppData\Local\GitHubDesktop\bin;;D:\eclipse-ee\spring-tool-suite-3.9.12.RELEASE-e4.15.0-win32-x86_64\sts-bundle\sts-3.9.12.RELEASE;
USERNAME=darshikasanghi
OS=Windows_NT
PROCESSOR_IDENTIFIER=Intel64 Family 6 Model 142 Stepping 10, GenuineIntel



---------------  S Y S T E M  ---------------

OS: Windows 10.0 , 64 bit Build 19041 (10.0.19041.546)

CPU:total 8 (initial active 8) (4 cores per cpu, 2 threads per core) family 6 model 142 stepping 10, cmov, cx8, fxsr, mmx, sse, sse2, sse3, ssse3, sse4.1, sse4.2, popcnt, avx, avx2, aes, clmul, erms, rtm, 3dnowpref, lzcnt, ht, tsc, tscinvbit, bmi1, bmi2, adx

Memory: 4k page, physical 16633360k(1534772k free), swap 34551052k(1040k free)

vm_info: Java HotSpot(TM) 64-Bit Server VM (25.221-b11) for windows-amd64 JRE (1.8.0_221-b11), built on Jul  4 2019 04:39:29 by "java_re" with MS VC++ 10.0 (VS2010)

time: Mon Jan 04 02:24:09 2021
timezone: India Standard Time
elapsed time: 4 seconds (0d 0h 0m 4s)

